c:\users\lenovo\desktop\ja-projekt\ja-projekt\debug\vc142.pdb
c:\users\lenovo\desktop\ja-projekt\ja-projekt\debug\vc142.idb
c:\users\lenovo\desktop\ja-projekt\ja-projekt\debug\window.obj
c:\users\lenovo\desktop\ja-projekt\ja-projekt\debug\grayscale.obj
c:\users\lenovo\desktop\ja-projekt\ja-projekt\debug\source.obj
c:\users\lenovo\desktop\ja-projekt\ja-projekt\debug\grayscale.obj.enc
c:\users\lenovo\desktop\ja-projekt\ja-projekt\debug\ja-projekt.res
c:\users\lenovo\desktop\ja-projekt\ja-projekt\debug\ja-projekt.pdb
c:\users\lenovo\desktop\ja-projekt\ja-projekt\debug\ja-projekt.tlog\cl.command.1.tlog
c:\users\lenovo\desktop\ja-projekt\ja-projekt\debug\ja-projekt.tlog\cl.read.1.tlog
c:\users\lenovo\desktop\ja-projekt\ja-projekt\debug\ja-projekt.tlog\cl.write.1.tlog
c:\users\lenovo\desktop\ja-projekt\ja-projekt\debug\ja-projekt.tlog\link-cvtres.read.1.tlog
c:\users\lenovo\desktop\ja-projekt\ja-projekt\debug\ja-projekt.tlog\link-cvtres.write.1.tlog
c:\users\lenovo\desktop\ja-projekt\ja-projekt\debug\ja-projekt.tlog\link-rc.read.1.tlog
c:\users\lenovo\desktop\ja-projekt\ja-projekt\debug\ja-projekt.tlog\link-rc.write.1.tlog
c:\users\lenovo\desktop\ja-projekt\ja-projekt\debug\ja-projekt.tlog\link.21432-cvtres.read.1.tlog
c:\users\lenovo\desktop\ja-projekt\ja-projekt\debug\ja-projekt.tlog\link.21432-cvtres.write.1.tlog
c:\users\lenovo\desktop\ja-projekt\ja-projekt\debug\ja-projekt.tlog\link.21432-rc.read.1.tlog
c:\users\lenovo\desktop\ja-projekt\ja-projekt\debug\ja-projekt.tlog\link.21432-rc.write.1.tlog
c:\users\lenovo\desktop\ja-projekt\ja-projekt\debug\ja-projekt.tlog\link.21432.read.1.tlog
c:\users\lenovo\desktop\ja-projekt\ja-projekt\debug\ja-projekt.tlog\link.21432.write.1.tlog
c:\users\lenovo\desktop\ja-projekt\ja-projekt\debug\ja-projekt.tlog\link.command.1.tlog
c:\users\lenovo\desktop\ja-projekt\ja-projekt\debug\ja-projekt.tlog\link.read.1.tlog
c:\users\lenovo\desktop\ja-projekt\ja-projekt\debug\ja-projekt.tlog\link.write.1.tlog
c:\users\lenovo\desktop\ja-projekt\ja-projekt\debug\ja-projekt.tlog\rc.command.1.tlog
