  Assembling JAMasm.asm...
JAMasm.asm(62): error A2006: undefined symbol : rbp
JAMasm.asm(63): error A2006: undefined symbol : rbp
JAMasm.asm(65): error A2006: undefined symbol : rax
JAMasm.asm(66): error A2006: undefined symbol : rbx
JAMasm.asm(67): error A2006: undefined symbol : rcx
JAMasm.asm(68): error A2006: undefined symbol : rdx
JAMasm.asm(69): error A2006: undefined symbol : r8
JAMasm.asm(70): error A2006: undefined symbol : r9
JAMasm.asm(71): error A2006: undefined symbol : r10
JAMasm.asm(72): error A2006: undefined symbol : r11
JAMasm.asm(73): error A2006: undefined symbol : r12
JAMasm.asm(75): error A2006: undefined symbol : r9
JAMasm.asm(76): error A2006: undefined symbol : r8
JAMasm.asm(78): error A2006: undefined symbol : r10
JAMasm.asm(79): error A2006: undefined symbol : r10d
JAMasm.asm(81): error A2006: undefined symbol : r11
JAMasm.asm(82): error A2006: undefined symbol : r11d
JAMasm.asm(85): error A2006: undefined symbol : r8
JAMasm.asm(90): error A2006: undefined symbol : rax
JAMasm.asm(91): error A2006: undefined symbol : rcx
JAMasm.asm(93): error A2006: undefined symbol : rbx
JAMasm.asm(94): error A2006: undefined symbol : rcx
JAMasm.asm(95): error A2006: undefined symbol : rbx
JAMasm.asm(97): error A2006: undefined symbol : rdx
JAMasm.asm(98): error A2006: undefined symbol : rcx
JAMasm.asm(100): error A2006: undefined symbol : rax
JAMasm.asm(102): error A2006: undefined symbol : rbx
JAMasm.asm(103): error A2006: undefined symbol : rcx
JAMasm.asm(104): error A2006: undefined symbol : rbx
JAMasm.asm(108): error A2006: undefined symbol : r8d
JAMasm.asm(109): error A2006: undefined symbol : r9d
JAMasm.asm(111): error A2006: undefined symbol : r12
JAMasm.asm(112): error A2006: undefined symbol : r12
JAMasm.asm(114): error A2006: undefined symbol : rax
JAMasm.asm(116): error A2006: undefined symbol : rbx
JAMasm.asm(118): error A2006: undefined symbol : rdx
JAMasm.asm(119): error A2006: undefined symbol : rdx
JAMasm.asm(121): error A2006: undefined symbol : rbx
JAMasm.asm(123): error A2006: undefined symbol : rbx
JAMasm.asm(125): error A2006: undefined symbol : rdx
JAMasm.asm(126): error A2006: undefined symbol : rdx
JAMasm.asm(128): error A2006: undefined symbol : rbx
JAMasm.asm(130): error A2006: undefined symbol : rbx
JAMasm.asm(132): error A2006: undefined symbol : rdx
JAMasm.asm(133): error A2006: undefined symbol : rdx
JAMasm.asm(135): error A2006: undefined symbol : r8d
JAMasm.asm(136): error A2006: undefined symbol : r9d
JAMasm.asm(139): error A2006: undefined symbol : rcx
JAMasm.asm(144): error A2006: undefined symbol : rax
JAMasm.asm(145): error A2006: undefined symbol : rcx
JAMasm.asm(146): error A2006: undefined symbol : rdx
JAMasm.asm(149): error A2006: undefined symbol : r8
JAMasm.asm(150): error A2006: undefined symbol : r8
JAMasm.asm(156): error A2006: undefined symbol : r9
JAMasm.asm(157): error A2006: undefined symbol : r9
JAMasm.asm(163): error A2006: undefined symbol : r12
JAMasm.asm(164): error A2006: undefined symbol : r11
JAMasm.asm(165): error A2006: undefined symbol : r10
JAMasm.asm(166): error A2006: undefined symbol : r9
JAMasm.asm(167): error A2006: undefined symbol : r8
JAMasm.asm(168): error A2006: undefined symbol : rdx
JAMasm.asm(169): error A2006: undefined symbol : rcx
JAMasm.asm(170): error A2006: undefined symbol : rbx
JAMasm.asm(171): error A2006: undefined symbol : rax
JAMasm.asm(173): error A2006: undefined symbol : rsp
JAMasm.asm(174): error A2006: undefined symbol : rbp
JAMasm.asm(176): error A2006: undefined symbol : rax
JAMasm.asm(198): error A2006: undefined symbol : r8
JAMasm.asm(199): error A2006: undefined symbol : r9
JAMasm.asm(200): error A2006: undefined symbol : r10
JAMasm.asm(202): error A2006: undefined symbol : rax
JAMasm.asm(204): error A2006: undefined symbol : r8
JAMasm.asm(205): error A2006: undefined symbol : r9
JAMasm.asm(206): error A2006: undefined symbol : r10
JAMasm.asm(208): error A2006: undefined symbol : r8
JAMasm.asm(209): error A2006: undefined symbol : r9
JAMasm.asm(210): error A2006: undefined symbol : r10
JAMasm.asm(212): error A2006: undefined symbol : r8b
JAMasm.asm(213): error A2006: undefined symbol : r9b
JAMasm.asm(214): error A2006: undefined symbol : r10b
JAMasm.asm(216): error A2006: undefined symbol : r8
JAMasm.asm(219): error A2006: undefined symbol : r9
JAMasm.asm(222): error A2006: undefined symbol : r10
JAMasm.asm(228): error A2006: undefined symbol : rax
JAMasm.asm(230): error A2006: undefined symbol : r10
JAMasm.asm(231): error A2006: undefined symbol : r9
JAMasm.asm(232): error A2006: undefined symbol : r8
C:\Program Files (x86)\Microsoft Visual Studio\2019\Community\MSBuild\Microsoft\VC\v160\BuildCustomizations\masm.targets(70,5): error MSB3721: The command "ml.exe /c /nologo /Zi /Fo"Debug\JAMasm.obj" /W3 /errorReport:prompt  /TaJAMasm.asm" exited with code 1.
