c:\users\lenovo\desktop\ja-projekt\jalib\x64\release\jalib.pch
c:\users\lenovo\desktop\ja-projekt\jalib\x64\release\vc142.pdb
c:\users\lenovo\desktop\ja-projekt\jalib\x64\release\pch.obj
c:\users\lenovo\desktop\ja-projekt\jalib\x64\release\jalib.obj
c:\users\lenovo\desktop\ja-projekt\jalib\x64\release\dllmain.obj
c:\users\lenovo\desktop\ja-projekt\ja-projekt\x64\release\jalib.lib
c:\users\lenovo\desktop\ja-projekt\ja-projekt\x64\release\jalib.exp
c:\users\lenovo\desktop\ja-projekt\ja-projekt\x64\release\jalib.dll
c:\users\lenovo\desktop\ja-projekt\jalib\x64\release\jalib.ipdb
c:\users\lenovo\desktop\ja-projekt\jalib\x64\release\jalib.iobj
c:\users\lenovo\desktop\ja-projekt\ja-projekt\x64\release\jalib.pdb
c:\users\lenovo\desktop\ja-projekt\jalib\x64\release\jamasm.obj
c:\users\lenovo\desktop\ja-projekt\jalib\x64\release\jalib.tlog\cl.command.1.tlog
c:\users\lenovo\desktop\ja-projekt\jalib\x64\release\jalib.tlog\cl.read.1.tlog
c:\users\lenovo\desktop\ja-projekt\jalib\x64\release\jalib.tlog\cl.write.1.tlog
c:\users\lenovo\desktop\ja-projekt\jalib\x64\release\jalib.tlog\jalib.write.1u.tlog
c:\users\lenovo\desktop\ja-projekt\jalib\x64\release\jalib.tlog\link.command.1.tlog
c:\users\lenovo\desktop\ja-projekt\jalib\x64\release\jalib.tlog\link.read.1.tlog
c:\users\lenovo\desktop\ja-projekt\jalib\x64\release\jalib.tlog\link.write.1.tlog
c:\users\lenovo\desktop\ja-projekt\jalib\x64\release\jalib.tlog\masm.read.1u.tlog
c:\users\lenovo\desktop\ja-projekt\jalib\x64\release\jalib.tlog\masm.write.1u.tlog
